#
# There is insufficient memory for the Java Runtime Environment to continue.
# Native memory allocation (malloc) failed to allocate 120976 bytes for Chunk::new
# Possible reasons:
#   The system is out of physical RAM or swap space
#   The process is running with CompressedOops enabled, and the Java Heap may be blocking the growth of the native heap
# Possible solutions:
#   Reduce memory load on the system
#   Increase physical memory or swap space
#   Check if swap backing store is full
#   Decrease Java heap size (-Xmx/-Xms)
#   Decrease number of Java threads
#   Decrease Java thread stack sizes (-Xss)
#   Set larger code cache with -XX:ReservedCodeCacheSize=
#   JVM is running with Unscaled Compressed Oops mode in which the Java heap is
#     placed in the first 4GB address space. The Java Heap base address is the
#     maximum limit for the native heap growth. Please use -XX:HeapBaseMinAddress
#     to set the Java Heap base and to place the Java Heap above 4GB virtual address.
# This output file may be truncated or incomplete.
#
#  Out of Memory Error (./src/hotspot/share/memory/arena.cpp:197), pid=13692, tid=15308
#
# JRE version: OpenJDK Runtime Environment (11.0.12+7) (build 11.0.12+7-b1504.28-7817840)
# Java VM: OpenJDK 64-Bit Server VM (11.0.12+7-b1504.28-7817840, mixed mode, tiered, compressed oops, g1 gc, windows-amd64)
# No core dump will be written. Minidumps are not enabled by default on client versions of Windows
#

---------------  S U M M A R Y ------------

Command Line: -Dorg.gradle.appname=gradlew org.gradle.wrapper.GradleWrapperMain -q -Ptarget-platform=android-x86 -Ptarget=C:\Users\User\Downloads\kopi\lib\main.dart -Pbase-application-name=android.app.Application -Pdart-defines=RkxVVFRFUl9XRUJfQVVUT19ERVRFQ1Q9dHJ1ZQ== -Pdart-obfuscation=false -Ptrack-widget-creation=true -Ptree-shake-icons=false -Pfilesystem-scheme=org-dartlang-root assembleDebug

Host: AMD Ryzen 3 4300U with Radeon Graphics         , 4 cores, 7G,  Windows 10 , 64 bit Build 22000 (10.0.22000.708)
Time: Fri Jun 10 13:09:53 2022 SE Asia Standard Time elapsed time: 0.414580 seconds (0d 0h 0m 0s)

---------------  T H R E A D  ---------------

Current thread (0x000001ffd98db800):  JavaThread "C2 CompilerThread0" daemon [_thread_in_native, id=15308, stack(0x0000006f4d300000,0x0000006f4d400000)]


Current CompileTask:
C2:    414  384       4       java.lang.StringLatin1::toLowerCase (180 bytes)

Stack: [0x0000006f4d300000,0x0000006f4d400000]
Native frames: (J=compiled Java code, j=interpreted, Vv=VM code, C=native code)
V  [jvm.dll+0x5fbcea]
V  [jvm.dll+0x731905]
V  [jvm.dll+0x732f1d]
V  [jvm.dll+0x7335d3]
V  [jvm.dll+0x247bf8]
V  [jvm.dll+0xc018c]
V  [jvm.dll+0xc06cc]
V  [jvm.dll+0x35b31d]
V  [jvm.dll+0x328803]
V  [jvm.dll+0x327cfa]
V  [jvm.dll+0x200602]
V  [jvm.dll+0x1ff794]
V  [jvm.dll+0x18868c]
V  [jvm.dll+0x20e0d7]
V  [jvm.dll+0x20c901]
V  [jvm.dll+0x6f9b7f]
V  [jvm.dll+0x6f26a5]
V  [jvm.dll+0x5fabf6]
C  [ucrtbase.dll+0x26c0c]
C  [KERNEL32.DLL+0x154e0]
C  [ntdll.dll+0x485b]


---------------  P R O C E S S  ---------------

Threads class SMR info:
_java_thread_list=0x000001ffda37dab0, length=10, elements={
0x000001ffc02c0000, 0x000001ffd98b8000, 0x000001ffd98c1000, 0x000001ffd98d6800,
0x000001ffd98d7000, 0x000001ffd98d8000, 0x000001ffd98db800, 0x000001ffd98dd000,
0x000001ffd98f3800, 0x000001ffda397000
}

Java Threads: ( => current thread )
  0x000001ffc02c0000 JavaThread "main" [_thread_in_native, id=25360, stack(0x0000006f4c700000,0x0000006f4c800000)]
  0x000001ffd98b8000 JavaThread "Reference Handler" daemon [_thread_blocked, id=22916, stack(0x0000006f4ce00000,0x0000006f4cf00000)]
  0x000001ffd98c1000 JavaThread "Finalizer" daemon [_thread_blocked, id=23360, stack(0x0000006f4cf00000,0x0000006f4d000000)]
  0x000001ffd98d6800 JavaThread "Signal Dispatcher" daemon [_thread_blocked, id=24152, stack(0x0000006f4d000000,0x0000006f4d100000)]
  0x000001ffd98d7000 JavaThread "Attach Listener" daemon [_thread_blocked, id=2520, stack(0x0000006f4d100000,0x0000006f4d200000)]
  0x000001ffd98d8000 JavaThread "Service Thread" daemon [_thread_blocked, id=13156, stack(0x0000006f4d200000,0x0000006f4d300000)]
=>0x000001ffd98db800 JavaThread "C2 CompilerThread0" daemon [_thread_in_native, id=15308, stack(0x0000006f4d300000,0x0000006f4d400000)]
  0x000001ffd98dd000 JavaThread "C1 CompilerThread0" daemon [_thread_in_native, id=15104, stack(0x0000006f4d400000,0x0000006f4d500000)]
  0x000001ffd98f3800 JavaThread "Sweeper thread" daemon [_thread_blocked, id=25164, stack(0x0000006f4d500000,0x0000006f4d600000)]
  0x000001ffda397000 JavaThread "Common-Cleaner" daemon [_thread_blocked, id=11088, stack(0x0000006f4d700000,0x0000006f4d800000)]

Other Threads:
  0x000001ffd9893000 VMThread "VM Thread" [stack: 0x0000006f4cd00000,0x0000006f4ce00000] [id=17828]
  0x000001ffda38a800 WatcherThread [stack: 0x0000006f4d600000,0x0000006f4d700000] [id=4232]
  0x000001ffc02d7800 GCTaskThread "GC Thread#0" [stack: 0x0000006f4c800000,0x0000006f4c900000] [id=14820]
  0x000001ffc0305800 ConcurrentGCThread "G1 Main Marker" [stack: 0x0000006f4c900000,0x0000006f4ca00000] [id=14876]
  0x000001ffc0308000 ConcurrentGCThread "G1 Conc#0" [stack: 0x0000006f4ca00000,0x0000006f4cb00000] [id=24680]
  0x000001ffc0387000 ConcurrentGCThread "G1 Refine#0" [stack: 0x0000006f4cb00000,0x0000006f4cc00000] [id=19292]
  0x000001ffc0388000 ConcurrentGCThread "G1 Young RemSet Sampling" [stack: 0x0000006f4cc00000,0x0000006f4cd00000] [id=7796]

Threads with active compile tasks:
C2 CompilerThread0    432  384       4       java.lang.StringLatin1::toLowerCase (180 bytes)
C1 CompilerThread0    432  403       3       java.util.HashMap::isEmpty (13 bytes)

VM state:not at safepoint (normal execution)

VM Mutex/Monitor currently owned by a thread: None

Heap address: 0x000000008a200000, size: 1886 MB, Compressed Oops mode: 32-bit
Narrow klass base: 0x0000000000000000, Narrow klass shift: 3
Compressed class space size: 1073741824 Address: 0x0000000100000000

Heap:
 garbage-first heap   total 120832K, used 5120K [0x000000008a200000, 0x0000000100000000)
  region size 1024K, 7 young (7168K), 0 survivors (0K)
 Metaspace       used 7820K, capacity 7951K, committed 8192K, reserved 1058816K
  class space    used 709K, capacity 752K, committed 768K, reserved 1048576K
Heap Regions: E=young(eden), S=young(survivor), O=old, HS=humongous(starts), HC=humongous(continues), CS=collection set, F=free, A=archive, TAMS=top-at-mark-start (previous, next)
|   0|0x000000008a200000, 0x000000008a200000, 0x000000008a300000|  0%| F|  |TAMS 0x000000008a200000, 0x000000008a200000| Untracked 
|   1|0x000000008a300000, 0x000000008a300000, 0x000000008a400000|  0%| F|  |TAMS 0x000000008a300000, 0x000000008a300000| Untracked 
|   2|0x000000008a400000, 0x000000008a400000, 0x000000008a500000|  0%| F|  |TAMS 0x000000008a400000, 0x000000008a400000| Untracked 
|   3|0x000000008a500000, 0x000000008a500000, 0x000000008a600000|  0%| F|  |TAMS 0x000000008a500000, 0x000000008a500000| Untracked 
|   4|0x000000008a600000, 0x000000008a600000, 0x000000008a700000|  0%| F|  |TAMS 0x000000008a600000, 0x000000008a600000| Untracked 
|   5|0x000000008a700000, 0x000000008a700000, 0x000000008a800000|  0%| F|  |TAMS 0x000000008a700000, 0x000000008a700000| Untracked 
|   6|0x000000008a800000, 0x000000008a800000, 0x000000008a900000|  0%| F|  |TAMS 0x000000008a800000, 0x000000008a800000| Untracked 
|   7|0x000000008a900000, 0x000000008a900000, 0x000000008aa00000|  0%| F|  |TAMS 0x000000008a900000, 0x000000008a900000| Untracked 
|   8|0x000000008aa00000, 0x000000008aa00000, 0x000000008ab00000|  0%| F|  |TAMS 0x000000008aa00000, 0x000000008aa00000| Untracked 
|   9|0x000000008ab00000, 0x000000008ab00000, 0x000000008ac00000|  0%| F|  |TAMS 0x000000008ab00000, 0x000000008ab00000| Untracked 
|  10|0x000000008ac00000, 0x000000008ac00000, 0x000000008ad00000|  0%| F|  |TAMS 0x000000008ac00000, 0x000000008ac00000| Untracked 
|  11|0x000000008ad00000, 0x000000008ad00000, 0x000000008ae00000|  0%| F|  |TAMS 0x000000008ad00000, 0x000000008ad00000| Untracked 
|  12|0x000000008ae00000, 0x000000008ae00000, 0x000000008af00000|  0%| F|  |TAMS 0x000000008ae00000, 0x000000008ae00000| Untracked 
|  13|0x000000008af00000, 0x000000008af00000, 0x000000008b000000|  0%| F|  |TAMS 0x000000008af00000, 0x000000008af00000| Untracked 
|  14|0x000000008b000000, 0x000000008b000000, 0x000000008b100000|  0%| F|  |TAMS 0x000000008b000000, 0x000000008b000000| Untracked 
|  15|0x000000008b100000, 0x000000008b100000, 0x000000008b200000|  0%| F|  |TAMS 0x000000008b100000, 0x000000008b100000| Untracked 
|  16|0x000000008b200000, 0x000000008b200000, 0x000000008b300000|  0%| F|  |TAMS 0x000000008b200000, 0x000000008b200000| Untracked 
|  17|0x000000008b300000, 0x000000008b300000, 0x000000008b400000|  0%| F|  |TAMS 0x000000008b300000, 0x000000008b300000| Untracked 
|  18|0x000000008b400000, 0x000000008b400000, 0x000000008b500000|  0%| F|  |TAMS 0x000000008b400000, 0x000000008b400000| Untracked 
|  19|0x000000008b500000, 0x000000008b500000, 0x000000008b600000|  0%| F|  |TAMS 0x000000008b500000, 0x000000008b500000| Untracked 
|  20|0x000000008b600000, 0x000000008b600000, 0x000000008b700000|  0%| F|  |TAMS 0x000000008b600000, 0x000000008b600000| Untracked 
|  21|0x000000008b700000, 0x000000008b700000, 0x000000008b800000|  0%| F|  |TAMS 0x000000008b700000, 0x000000008b700000| Untracked 
|  22|0x000000008b800000, 0x000000008b800000, 0x000000008b900000|  0%| F|  |TAMS 0x000000008b800000, 0x000000008b800000| Untracked 
|  23|0x000000008b900000, 0x000000008b900000, 0x000000008ba00000|  0%| F|  |TAMS 0x000000008b900000, 0x000000008b900000| Untracked 
|  24|0x000000008ba00000, 0x000000008ba00000, 0x000000008bb00000|  0%| F|  |TAMS 0x000000008ba00000, 0x000000008ba00000| Untracked 
|  25|0x000000008bb00000, 0x000000008bb00000, 0x000000008bc00000|  0%| F|  |TAMS 0x000000008bb00000, 0x000000008bb00000| Untracked 
|  26|0x000000008bc00000, 0x000000008bc00000, 0x000000008bd00000|  0%| F|  |TAMS 0x000000008bc00000, 0x000000008bc00000| Untracked 
|  27|0x000000008bd00000, 0x000000008bd00000, 0x000000008be00000|  0%| F|  |TAMS 0x000000008bd00000, 0x000000008bd00000| Untracked 
|  28|0x000000008be00000, 0x000000008be00000, 0x000000008bf00000|  0%| F|  |TAMS 0x000000008be00000, 0x000000008be00000| Untracked 
|  29|0x000000008bf00000, 0x000000008bf00000, 0x000000008c000000|  0%| F|  |TAMS 0x000000008bf00000, 0x000000008bf00000| Untracked 
|  30|0x000000008c000000, 0x000000008c000000, 0x000000008c100000|  0%| F|  |TAMS 0x000000008c000000, 0x000000008c000000| Untracked 
|  31|0x000000008c100000, 0x000000008c100000, 0x000000008c200000|  0%| F|  |TAMS 0x000000008c100000, 0x000000008c100000| Untracked 
|  32|0x000000008c200000, 0x000000008c200000, 0x000000008c300000|  0%| F|  |TAMS 0x000000008c200000, 0x000000008c200000| Untracked 
|  33|0x000000008c300000, 0x000000008c300000, 0x000000008c400000|  0%| F|  |TAMS 0x000000008c300000, 0x000000008c300000| Untracked 
|  34|0x000000008c400000, 0x000000008c400000, 0x000000008c500000|  0%| F|  |TAMS 0x000000008c400000, 0x000000008c400000| Untracked 
|  35|0x000000008c500000, 0x000000008c500000, 0x000000008c600000|  0%| F|  |TAMS 0x000000008c500000, 0x000000008c500000| Untracked 
|  36|0x000000008c600000, 0x000000008c600000, 0x000000008c700000|  0%| F|  |TAMS 0x000000008c600000, 0x000000008c600000| Untracked 
|  37|0x000000008c700000, 0x000000008c700000, 0x000000008c800000|  0%| F|  |TAMS 0x000000008c700000, 0x000000008c700000| Untracked 
|  38|0x000000008c800000, 0x000000008c800000, 0x000000008c900000|  0%| F|  |TAMS 0x000000008c800000, 0x000000008c800000| Untracked 
|  39|0x000000008c900000, 0x000000008c900000, 0x000000008ca00000|  0%| F|  |TAMS 0x000000008c900000, 0x000000008c900000| Untracked 
|  40|0x000000008ca00000, 0x000000008ca00000, 0x000000008cb00000|  0%| F|  |TAMS 0x000000008ca00000, 0x000000008ca00000| Untracked 
|  41|0x000000008cb00000, 0x000000008cb00000, 0x000000008cc00000|  0%| F|  |TAMS 0x000000008cb00000, 0x000000008cb00000| Untracked 
|  42|0x000000008cc00000, 0x000000008cc00000, 0x000000008cd00000|  0%| F|  |TAMS 0x000000008cc00000, 0x000000008cc00000| Untracked 
|  43|0x000000008cd00000, 0x000000008cd00000, 0x000000008ce00000|  0%| F|  |TAMS 0x000000008cd00000, 0x000000008cd00000| Untracked 
|  44|0x000000008ce00000, 0x000000008ce00000, 0x000000008cf00000|  0%| F|  |TAMS 0x000000008ce00000, 0x000000008ce00000| Untracked 
|  45|0x000000008cf00000, 0x000000008cf00000, 0x000000008d000000|  0%| F|  |TAMS 0x000000008cf00000, 0x000000008cf00000| Untracked 
|  46|0x000000008d000000, 0x000000008d000000, 0x000000008d100000|  0%| F|  |TAMS 0x000000008d000000, 0x000000008d000000| Untracked 
|  47|0x000000008d100000, 0x000000008d100000, 0x000000008d200000|  0%| F|  |TAMS 0x000000008d100000, 0x000000008d100000| Untracked 
|  48|0x000000008d200000, 0x000000008d200000, 0x000000008d300000|  0%| F|  |TAMS 0x000000008d200000, 0x000000008d200000| Untracked 
|  49|0x000000008d300000, 0x000000008d300000, 0x000000008d400000|  0%| F|  |TAMS 0x000000008d300000, 0x000000008d300000| Untracked 
|  50|0x000000008d400000, 0x000000008d400000, 0x000000008d500000|  0%| F|  |TAMS 0x000000008d400000, 0x000000008d400000| Untracked 
|  51|0x000000008d500000, 0x000000008d500000, 0x000000008d600000|  0%| F|  |TAMS 0x000000008d500000, 0x000000008d500000| Untracked 
|  52|0x000000008d600000, 0x000000008d600000, 0x000000008d700000|  0%| F|  |TAMS 0x000000008d600000, 0x000000008d600000| Untracked 
|  53|0x000000008d700000, 0x000000008d700000, 0x000000008d800000|  0%| F|  |TAMS 0x000000008d700000, 0x000000008d700000| Untracked 
|  54|0x000000008d800000, 0x000000008d800000, 0x000000008d900000|  0%| F|  |TAMS 0x000000008d800000, 0x000000008d800000| Untracked 
|  55|0x000000008d900000, 0x000000008d900000, 0x000000008da00000|  0%| F|  |TAMS 0x000000008d900000, 0x000000008d900000| Untracked 
|  56|0x000000008da00000, 0x000000008da00000, 0x000000008db00000|  0%| F|  |TAMS 0x000000008da00000, 0x000000008da00000| Untracked 
|  57|0x000000008db00000, 0x000000008db00000, 0x000000008dc00000|  0%| F|  |TAMS 0x000000008db00000, 0x000000008db00000| Untracked 
|  58|0x000000008dc00000, 0x000000008dc00000, 0x000000008dd00000|  0%| F|  |TAMS 0x000000008dc00000, 0x000000008dc00000| Untracked 
|  59|0x000000008dd00000, 0x000000008dd00000, 0x000000008de00000|  0%| F|  |TAMS 0x000000008dd00000, 0x000000008dd00000| Untracked 
|  60|0x000000008de00000, 0x000000008de00000, 0x000000008df00000|  0%| F|  |TAMS 0x000000008de00000, 0x000000008de00000| Untracked 
|  61|0x000000008df00000, 0x000000008df00000, 0x000000008e000000|  0%| F|  |TAMS 0x000000008df00000, 0x000000008df00000| Untracked 
|  62|0x000000008e000000, 0x000000008e000000, 0x000000008e100000|  0%| F|  |TAMS 0x000000008e000000, 0x000000008e000000| Untracked 
|  63|0x000000008e100000, 0x000000008e100000, 0x000000008e200000|  0%| F|  |TAMS 0x000000008e100000, 0x000000008e100000| Untracked 
|  64|0x000000008e200000, 0x000000008e200000, 0x000000008e300000|  0%| F|  |TAMS 0x000000008e200000, 0x000000008e200000| Untracked 
|  65|0x000000008e300000, 0x000000008e300000, 0x000000008e400000|  0%| F|  |TAMS 0x000000008e300000, 0x000000008e300000| Untracked 
|  66|0x000000008e400000, 0x000000008e400000, 0x000000008e500000|  0%| F|  |TAMS 0x000000008e400000, 0x000000008e400000| Untracked 
|  67|0x000000008e500000, 0x000000008e500000, 0x000000008e600000|  0%| F|  |TAMS 0x000000008e500000, 0x000000008e500000| Untracked 
|  68|0x000000008e600000, 0x000000008e600000, 0x000000008e700000|  0%| F|  |TAMS 0x000000008e600000, 0x000000008e600000| Untracked 
|  69|0x000000008e700000, 0x000000008e700000, 0x000000008e800000|  0%| F|  |TAMS 0x000000008e700000, 0x000000008e700000| Untracked 
|  70|0x000000008e800000, 0x000000008e800000, 0x000000008e900000|  0%| F|  |TAMS 0x000000008e800000, 0x000000008e800000| Untracked 
|  71|0x000000008e900000, 0x000000008e900000, 0x000000008ea00000|  0%| F|  |TAMS 0x000000008e900000, 0x000000008e900000| Untracked 
|  72|0x000000008ea00000, 0x000000008ea00000, 0x000000008eb00000|  0%| F|  |TAMS 0x000000008ea00000, 0x000000008ea00000| Untracked 
|  73|0x000000008eb00000, 0x000000008eb00000, 0x000000008ec00000|  0%| F|  |TAMS 0x000000008eb00000, 0x000000008eb00000| Untracked 
|  74|0x000000008ec00000, 0x000000008ec00000, 0x000000008ed00000|  0%| F|  |TAMS 0x000000008ec00000, 0x000000008ec00000| Untracked 
|  75|0x000000008ed00000, 0x000000008ed00000, 0x000000008ee00000|  0%| F|  |TAMS 0x000000008ed00000, 0x000000008ed00000| Untracked 
|  76|0x000000008ee00000, 0x000000008ee00000, 0x000000008ef00000|  0%| F|  |TAMS 0x000000008ee00000, 0x000000008ee00000| Untracked 
|  77|0x000000008ef00000, 0x000000008ef00000, 0x000000008f000000|  0%| F|  |TAMS 0x000000008ef00000, 0x000000008ef00000| Untracked 
|  78|0x000000008f000000, 0x000000008f000000, 0x000000008f100000|  0%| F|  |TAMS 0x000000008f000000, 0x000000008f000000| Untracked 
|  79|0x000000008f100000, 0x000000008f100000, 0x000000008f200000|  0%| F|  |TAMS 0x000000008f100000, 0x000000008f100000| Untracked 
|  80|0x000000008f200000, 0x000000008f200000, 0x000000008f300000|  0%| F|  |TAMS 0x000000008f200000, 0x000000008f200000| Untracked 
|  81|0x000000008f300000, 0x000000008f300000, 0x000000008f400000|  0%| F|  |TAMS 0x000000008f300000, 0x000000008f300000| Untracked 
|  82|0x000000008f400000, 0x000000008f400000, 0x000000008f500000|  0%| F|  |TAMS 0x000000008f400000, 0x000000008f400000| Untracked 
|  83|0x000000008f500000, 0x000000008f500000, 0x000000008f600000|  0%| F|  |TAMS 0x000000008f500000, 0x000000008f500000| Untracked 
|  84|0x000000008f600000, 0x000000008f600000, 0x000000008f700000|  0%| F|  |TAMS 0x000000008f600000, 0x000000008f600000| Untracked 
|  85|0x000000008f700000, 0x000000008f700000, 0x000000008f800000|  0%| F|  |TAMS 0x000000008f700000, 0x000000008f700000| Untracked 
|  86|0x000000008f800000, 0x000000008f800000, 0x000000008f900000|  0%| F|  |TAMS 0x000000008f800000, 0x000000008f800000| Untracked 
|  87|0x000000008f900000, 0x000000008f900000, 0x000000008fa00000|  0%| F|  |TAMS 0x000000008f900000, 0x000000008f900000| Untracked 
|  88|0x000000008fa00000, 0x000000008fa00000, 0x000000008fb00000|  0%| F|  |TAMS 0x000000008fa00000, 0x000000008fa00000| Untracked 
|  89|0x000000008fb00000, 0x000000008fb00000, 0x000000008fc00000|  0%| F|  |TAMS 0x000000008fb00000, 0x000000008fb00000| Untracked 
|  90|0x000000008fc00000, 0x000000008fc00000, 0x000000008fd00000|  0%| F|  |TAMS 0x000000008fc00000, 0x000000008fc00000| Untracked 
|  91|0x000000008fd00000, 0x000000008fd00000, 0x000000008fe00000|  0%| F|  |TAMS 0x000000008fd00000, 0x000000008fd00000| Untracked 
|  92|0x000000008fe00000, 0x000000008fe00000, 0x000000008ff00000|  0%| F|  |TAMS 0x000000008fe00000, 0x000000008fe00000| Untracked 
|  93|0x000000008ff00000, 0x000000008ff00000, 0x0000000090000000|  0%| F|  |TAMS 0x000000008ff00000, 0x000000008ff00000| Untracked 
|  94|0x0000000090000000, 0x0000000090000000, 0x0000000090100000|  0%| F|  |TAMS 0x0000000090000000, 0x0000000090000000| Untracked 
|  95|0x0000000090100000, 0x0000000090100000, 0x0000000090200000|  0%| F|  |TAMS 0x0000000090100000, 0x0000000090100000| Untracked 
|  96|0x0000000090200000, 0x0000000090200000, 0x0000000090300000|  0%| F|  |TAMS 0x0000000090200000, 0x0000000090200000| Untracked 
|  97|0x0000000090300000, 0x0000000090300000, 0x0000000090400000|  0%| F|  |TAMS 0x0000000090300000, 0x0000000090300000| Untracked 
|  98|0x0000000090400000, 0x0000000090400000, 0x0000000090500000|  0%| F|  |TAMS 0x0000000090400000, 0x0000000090400000| Untracked 
|  99|0x0000000090500000, 0x0000000090500000, 0x0000000090600000|  0%| F|  |TAMS 0x0000000090500000, 0x0000000090500000| Untracked 
| 100|0x0000000090600000, 0x0000000090600000, 0x0000000090700000|  0%| F|  |TAMS 0x0000000090600000, 0x0000000090600000| Untracked 
| 101|0x0000000090700000, 0x0000000090700000, 0x0000000090800000|  0%| F|  |TAMS 0x0000000090700000, 0x0000000090700000| Untracked 
| 102|0x0000000090800000, 0x0000000090800000, 0x0000000090900000|  0%| F|  |TAMS 0x0000000090800000, 0x0000000090800000| Untracked 
| 103|0x0000000090900000, 0x0000000090900000, 0x0000000090a00000|  0%| F|  |TAMS 0x0000000090900000, 0x0000000090900000| Untracked 
| 104|0x0000000090a00000, 0x0000000090a00000, 0x0000000090b00000|  0%| F|  |TAMS 0x0000000090a00000, 0x0000000090a00000| Untracked 
| 105|0x0000000090b00000, 0x0000000090b00000, 0x0000000090c00000|  0%| F|  |TAMS 0x0000000090b00000, 0x0000000090b00000| Untracked 
| 106|0x0000000090c00000, 0x0000000090c00000, 0x0000000090d00000|  0%| F|  |TAMS 0x0000000090c00000, 0x0000000090c00000| Untracked 
| 107|0x0000000090d00000, 0x0000000090d00000, 0x0000000090e00000|  0%| F|  |TAMS 0x0000000090d00000, 0x0000000090d00000| Untracked 
| 108|0x0000000090e00000, 0x0000000090e00000, 0x0000000090f00000|  0%| F|  |TAMS 0x0000000090e00000, 0x0000000090e00000| Untracked 
| 109|0x0000000090f00000, 0x0000000090f00000, 0x0000000091000000|  0%| F|  |TAMS 0x0000000090f00000, 0x0000000090f00000| Untracked 
| 110|0x0000000091000000, 0x0000000091000000, 0x0000000091100000|  0%| F|  |TAMS 0x0000000091000000, 0x0000000091000000| Untracked 
| 111|0x0000000091100000, 0x00000000911d7bc8, 0x0000000091200000| 84%| E|  |TAMS 0x0000000091100000, 0x0000000091100000| Complete 
| 112|0x0000000091200000, 0x0000000091300000, 0x0000000091300000|100%| E|CS|TAMS 0x0000000091200000, 0x0000000091200000| Complete 
| 113|0x0000000091300000, 0x0000000091400000, 0x0000000091400000|100%| E|CS|TAMS 0x0000000091300000, 0x0000000091300000| Complete 
| 114|0x0000000091400000, 0x0000000091500000, 0x0000000091500000|100%| E|CS|TAMS 0x0000000091400000, 0x0000000091400000| Complete 
| 115|0x0000000091500000, 0x0000000091600000, 0x0000000091600000|100%| E|  |TAMS 0x0000000091500000, 0x0000000091500000| Complete 
| 116|0x0000000091600000, 0x0000000091700000, 0x0000000091700000|100%| E|CS|TAMS 0x0000000091600000, 0x0000000091600000| Complete 
| 117|0x0000000091700000, 0x0000000091800000, 0x0000000091800000|100%| E|CS|TAMS 0x0000000091700000, 0x0000000091700000| Complete 

Card table byte_map: [0x000001ffd3180000,0x000001ffd3530000] _byte_map_base: 0x000001ffd2d2f000

Marking Bits (Prev, Next): (CMBitMap*) 0x000001ffc02fd428, (CMBitMap*) 0x000001ffc02fd460
 Prev Bits: [0x000001ffd38e0000, 0x000001ffd5658000)
 Next Bits: [0x000001ffd5660000, 0x000001ffd73d8000)

Polling page: 0x000001ffbe2a0000

Metaspace:

Usage:
  Non-class:      7.03 MB capacity,     6.95 MB ( 99%) used,    79.70 KB (  1%) free+waste,     6.31 KB ( <1%) overhead. 
      Class:    752.00 KB capacity,   709.56 KB ( 94%) used,    39.56 KB (  5%) free+waste,     2.88 KB ( <1%) overhead. 
       Both:      7.76 MB capacity,     7.64 MB ( 98%) used,   119.26 KB (  1%) free+waste,     9.19 KB ( <1%) overhead. 

Virtual space:
  Non-class space:       10.00 MB reserved,       7.25 MB ( 73%) committed 
      Class space:        1.00 GB reserved,     768.00 KB ( <1%) committed 
             Both:        1.01 GB reserved,       8.00 MB ( <1%) committed 

Chunk freelists:
   Non-Class:  33.00 KB
       Class:  16.00 KB
        Both:  49.00 KB

MaxMetaspaceSize: 17179869184.00 GB
CompressedClassSpaceSize: 1.00 GB
Initial GC threshold: 20.80 MB
Current GC threshold: 20.80 MB
CDS: off

CodeHeap 'non-profiled nmethods': size=120064Kb used=112Kb max_used=112Kb free=119951Kb
 bounds [0x000001ffcb890000, 0x000001ffcbb00000, 0x000001ffd2dd0000]
CodeHeap 'profiled nmethods': size=120000Kb used=580Kb max_used=580Kb free=119419Kb
 bounds [0x000001ffc4360000, 0x000001ffc45d0000, 0x000001ffcb890000]
CodeHeap 'non-nmethods': size=5696Kb used=1119Kb max_used=1131Kb free=4577Kb
 bounds [0x000001ffc3dd0000, 0x000001ffc4040000, 0x000001ffc4360000]
 total_blobs=764 nmethods=403 adapters=274
 compilation: enabled
              stopped_count=0, restarted_count=0
 full_count=0

Compilation events (20 events):
Event: 0.405 Thread 0x000001ffd98db800 nmethod 370% 0x000001ffcb8aa790 code [0x000001ffcb8aa940, 0x000001ffcb8aaed8]
Event: 0.406 Thread 0x000001ffd98dd000  379       3       java.io.WinNTFileSystem::isLetter (30 bytes)
Event: 0.406 Thread 0x000001ffd98dd000 nmethod 379 0x000001ffc43e5090 code [0x000001ffc43e5240, 0x000001ffc43e5458]
Event: 0.408 Thread 0x000001ffd98dd000  380       3       java.util.ArrayList$Itr::checkForComodification (23 bytes)
Event: 0.408 Thread 0x000001ffd98dd000 nmethod 380 0x000001ffc43e5510 code [0x000001ffc43e56e0, 0x000001ffc43e58a8]
Event: 0.408 Thread 0x000001ffd98dd000  381       3       java.util.ArrayList$Itr::next (66 bytes)
Event: 0.408 Thread 0x000001ffd98dd000 nmethod 381 0x000001ffc43e5990 code [0x000001ffc43e5ba0, 0x000001ffc43e5f68]
Event: 0.408 Thread 0x000001ffd98dd000  382       1       org.gradle.internal.installation.GradleInstallation::getLibDirs (5 bytes)
Event: 0.408 Thread 0x000001ffd98dd000 nmethod 382 0x000001ffcb8ab190 code [0x000001ffcb8ab340, 0x000001ffcb8ab3f8]
Event: 0.408 Thread 0x000001ffd98db800  383       4       java.lang.System::getSecurityManager (4 bytes)
Event: 0.409 Thread 0x000001ffd98db800 nmethod 383 0x000001ffcb8ab490 code [0x000001ffcb8ab620, 0x000001ffcb8ab678]
Event: 0.409 Thread 0x000001ffd98db800  384       4       java.lang.StringLatin1::toLowerCase (180 bytes)
Event: 0.409 Thread 0x000001ffd98dd000  385       3       java.util.LinkedHashMap$LinkedHashIterator::nextNode (54 bytes)
Event: 0.409 Thread 0x000001ffd98dd000 nmethod 385 0x000001ffc43e6190 code [0x000001ffc43e6380, 0x000001ffc43e66b8]
Event: 0.410 Thread 0x000001ffd98dd000  387       3       java.util.LinkedHashMap::afterNodeInsertion (40 bytes)
Event: 0.410 Thread 0x000001ffd98dd000 nmethod 387 0x000001ffc43e6810 code [0x000001ffc43e6a00, 0x000001ffc43e6e68]
Event: 0.410 Thread 0x000001ffd98dd000  388       3       sun.nio.fs.WindowsPathParser::nextNonSlash (24 bytes)
Event: 0.411 Thread 0x000001ffd98dd000 nmethod 388 0x000001ffc43e7010 code [0x000001ffc43e7240, 0x000001ffc43e7998]
Event: 0.411 Thread 0x000001ffd98dd000  389       1       sun.nio.fs.NativeBuffer::address (5 bytes)
Event: 0.411 Thread 0x000001ffd98dd000 nmethod 389 0x000001ffcb8ab790 code [0x000001ffcb8ab940, 0x000001ffcb8ab9f8]

GC Heap History (0 events):
No events

Deoptimization events (20 events):
Event: 0.286 Thread 0x000001ffc02c0000 DEOPT PACKING pc=0x000001ffc43b2e0e sp=0x0000006f4c7f6f00
Event: 0.286 Thread 0x000001ffc02c0000 DEOPT UNPACKING pc=0x000001ffc3e1a95e sp=0x0000006f4c7f63a0 mode 0
Event: 0.286 Thread 0x000001ffc02c0000 DEOPT PACKING pc=0x000001ffc43b2e0e sp=0x0000006f4c7f6f00
Event: 0.286 Thread 0x000001ffc02c0000 DEOPT UNPACKING pc=0x000001ffc3e1a95e sp=0x0000006f4c7f63a0 mode 0
Event: 0.286 Thread 0x000001ffc02c0000 DEOPT PACKING pc=0x000001ffc43b2e0e sp=0x0000006f4c7f6f00
Event: 0.286 Thread 0x000001ffc02c0000 DEOPT UNPACKING pc=0x000001ffc3e1a95e sp=0x0000006f4c7f63a0 mode 0
Event: 0.286 Thread 0x000001ffc02c0000 DEOPT PACKING pc=0x000001ffc43b2e0e sp=0x0000006f4c7f6f00
Event: 0.286 Thread 0x000001ffc02c0000 DEOPT UNPACKING pc=0x000001ffc3e1a95e sp=0x0000006f4c7f63a0 mode 0
Event: 0.352 Thread 0x000001ffc02c0000 DEOPT PACKING pc=0x000001ffc439d69b sp=0x0000006f4c7fe060
Event: 0.352 Thread 0x000001ffc02c0000 DEOPT UNPACKING pc=0x000001ffc3e1a95e sp=0x0000006f4c7fd4d0 mode 0
Event: 0.357 Thread 0x000001ffc02c0000 DEOPT PACKING pc=0x000001ffc439d69b sp=0x0000006f4c7fe060
Event: 0.357 Thread 0x000001ffc02c0000 DEOPT UNPACKING pc=0x000001ffc3e1a95e sp=0x0000006f4c7fd4d0 mode 0
Event: 0.357 Thread 0x000001ffc02c0000 DEOPT PACKING pc=0x000001ffc439d69b sp=0x0000006f4c7fe060
Event: 0.357 Thread 0x000001ffc02c0000 DEOPT UNPACKING pc=0x000001ffc3e1a95e sp=0x0000006f4c7fd4d0 mode 0
Event: 0.363 Thread 0x000001ffc02c0000 DEOPT PACKING pc=0x000001ffc43aef5b sp=0x0000006f4c7fdfc0
Event: 0.363 Thread 0x000001ffc02c0000 DEOPT UNPACKING pc=0x000001ffc3e1a95e sp=0x0000006f4c7fd438 mode 0
Event: 0.409 Thread 0x000001ffc02c0000 DEOPT PACKING pc=0x000001ffc43b6688 sp=0x0000006f4c7fdca0
Event: 0.409 Thread 0x000001ffc02c0000 DEOPT UNPACKING pc=0x000001ffc3e1a95e sp=0x0000006f4c7fd170 mode 0
Event: 0.409 Thread 0x000001ffc02c0000 DEOPT PACKING pc=0x000001ffc43b6688 sp=0x0000006f4c7fdca0
Event: 0.409 Thread 0x000001ffc02c0000 DEOPT UNPACKING pc=0x000001ffc3e1a95e sp=0x0000006f4c7fd170 mode 0

Classes redefined (0 events):
No events

Internal exceptions (3 events):
Event: 0.190 Thread 0x000001ffc02c0000 Exception <a 'java/lang/NoSuchMethodError'{0x0000000091688298}: 'int java.lang.invoke.DirectMethodHandle$Holder.invokeSpecialIFC(java.lang.Object, java.lang.Object, int)'> (0x0000000091688298) thrown at [./src/hotspot/share/interpreter/linkResolver.cpp, line 773]
Event: 0.296 Thread 0x000001ffc02c0000 Exception <a 'java/lang/NoSuchMethodError'{0x0000000091457f38}: 'int java.lang.invoke.DirectMethodHandle$Holder.invokeStaticInit(java.lang.Object, java.lang.Object)'> (0x0000000091457f38) thrown at [./src/hotspot/share/interpreter/linkResolver.cpp, line 773]
Event: 0.358 Thread 0x000001ffc02c0000 Exception <a 'java/lang/NoSuchMethodError'{0x0000000091313178}: 'int java.lang.invoke.DirectMethodHandle$Holder.invokeSpecial(java.lang.Object, java.lang.Object, java.lang.Object, java.lang.Object)'> (0x0000000091313178) thrown at [./src/hotspot/share/interpreter/linkResolver.cpp, line 773]

Events (20 events):
Event: 0.347 loading class org/gradle/internal/service/DefaultServiceLocator
Event: 0.347 loading class org/gradle/internal/service/DefaultServiceLocator done
Event: 0.348 loading class org/gradle/internal/service/UnknownServiceException
Event: 0.348 loading class org/gradle/internal/service/UnknownServiceException done
Event: 0.349 loading class org/gradle/internal/service/ServiceLookupException
Event: 0.349 loading class org/gradle/internal/service/ServiceLookupException done
Event: 0.349 loading class org/gradle/internal/service/CachingServiceLocator
Event: 0.349 loading class org/gradle/internal/service/CachingServiceLocator done
Event: 0.353 loading class org/gradle/api/internal/classpath/DefaultModuleRegistry$DefaultModule
Event: 0.353 loading class org/gradle/api/internal/classpath/DefaultModuleRegistry$DefaultModule done
Event: 0.354 loading class java/util/Collections$1
Event: 0.354 loading class java/util/Collections$1 done
Event: 0.359 loading class org/gradle/api/internal/classpath/DefaultModuleRegistry
Event: 0.359 loading class org/gradle/api/internal/classpath/DefaultModuleRegistry done
Event: 0.366 loading class java/lang/invoke/DirectMethodHandle$Constructor
Event: 0.366 loading class java/lang/invoke/DirectMethodHandle$Constructor done
Event: 0.367 loading class org/gradle/util/GUtil
Event: 0.367 loading class org/gradle/util/GUtil done
Event: 0.368 loading class org/gradle/api/Transformer
Event: 0.368 loading class org/gradle/api/Transformer done


Dynamic libraries:
0x00007ff6bd7a0000 - 0x00007ff6bd7aa000 	D:\Android\Android Studio\jre\bin\java.exe
0x00007fffcae00000 - 0x00007fffcb009000 	C:\WINDOWS\SYSTEM32\ntdll.dll
0x00007fffca350000 - 0x00007fffca40d000 	C:\WINDOWS\System32\KERNEL32.DLL
0x00007fffc8520000 - 0x00007fffc8899000 	C:\WINDOWS\System32\KERNELBASE.dll
0x00007fffc82e0000 - 0x00007fffc83f1000 	C:\WINDOWS\System32\ucrtbase.dll
0x00007fff91210000 - 0x00007fff91229000 	D:\Android\Android Studio\jre\bin\jli.dll
0x00007fffcac10000 - 0x00007fffcadbc000 	C:\WINDOWS\System32\USER32.dll
0x00007fff8f7b0000 - 0x00007fff8f7c7000 	D:\Android\Android Studio\jre\bin\VCRUNTIME140.dll
0x00007fffb66c0000 - 0x00007fffb6965000 	C:\WINDOWS\WinSxS\amd64_microsoft.windows.common-controls_6595b64144ccf1df_6.0.22000.120_none_9d947278b86cc467\COMCTL32.dll
0x00007fffc8bf0000 - 0x00007fffc8c16000 	C:\WINDOWS\System32\win32u.dll
0x00007fffca570000 - 0x00007fffca613000 	C:\WINDOWS\System32\msvcrt.dll
0x00007fffcaa90000 - 0x00007fffcaab9000 	C:\WINDOWS\System32\GDI32.dll
0x00007fffc8400000 - 0x00007fffc8512000 	C:\WINDOWS\System32\gdi32full.dll
0x00007fffc88a0000 - 0x00007fffc893d000 	C:\WINDOWS\System32\msvcp_win.dll
0x00007fffcaad0000 - 0x00007fffcab01000 	C:\WINDOWS\System32\IMM32.DLL
0x00007fff5b0a0000 - 0x00007fff5b13d000 	D:\Android\Android Studio\jre\bin\msvcp140.dll
0x00007fff58d90000 - 0x00007fff59875000 	D:\Android\Android Studio\jre\bin\server\jvm.dll
0x00007fffca4a0000 - 0x00007fffca54e000 	C:\WINDOWS\System32\ADVAPI32.dll
0x00007fffc9ff0000 - 0x00007fffca08e000 	C:\WINDOWS\System32\sechost.dll
0x00007fffc9100000 - 0x00007fffc9220000 	C:\WINDOWS\System32\RPCRT4.dll
0x00007fffc9fe0000 - 0x00007fffc9fe8000 	C:\WINDOWS\System32\PSAPI.DLL
0x00007fffb9c70000 - 0x00007fffb9c79000 	C:\WINDOWS\SYSTEM32\WSOCK32.dll
0x00007fffbf940000 - 0x00007fffbf94a000 	C:\WINDOWS\SYSTEM32\VERSION.dll
0x00007fffc26e0000 - 0x00007fffc2713000 	C:\WINDOWS\SYSTEM32\WINMM.dll
0x00007fffc94a0000 - 0x00007fffc950f000 	C:\WINDOWS\System32\WS2_32.dll
0x00007fffc73e0000 - 0x00007fffc73f8000 	C:\WINDOWS\SYSTEM32\kernel.appcore.dll
0x00007fff8ed00000 - 0x00007fff8ed11000 	D:\Android\Android Studio\jre\bin\verify.dll
0x00007fffc5f10000 - 0x00007fffc6131000 	C:\WINDOWS\SYSTEM32\DBGHELP.DLL
0x00007fffbead0000 - 0x00007fffbeb01000 	C:\WINDOWS\SYSTEM32\dbgcore.DLL
0x00007fffc8b70000 - 0x00007fffc8bef000 	C:\WINDOWS\System32\bcryptPrimitives.dll
0x00007fff8ecd0000 - 0x00007fff8ecf9000 	D:\Android\Android Studio\jre\bin\java.dll
0x00007fff99ee0000 - 0x00007fff99eeb000 	D:\Android\Android Studio\jre\bin\jimage.dll
0x00007fff746a0000 - 0x00007fff746b8000 	D:\Android\Android Studio\jre\bin\zip.dll
0x00007fffc9600000 - 0x00007fffc9db8000 	C:\WINDOWS\System32\SHELL32.dll
0x00007fffc6450000 - 0x00007fffc6cb8000 	C:\WINDOWS\SYSTEM32\windows.storage.dll
0x00007fffca620000 - 0x00007fffca999000 	C:\WINDOWS\System32\combase.dll
0x00007fffc62e0000 - 0x00007fffc6446000 	C:\WINDOWS\SYSTEM32\wintypes.dll
0x00007fffcab10000 - 0x00007fffcabfa000 	C:\WINDOWS\System32\SHCORE.dll
0x00007fffc9dc0000 - 0x00007fffc9e1d000 	C:\WINDOWS\System32\shlwapi.dll
0x00007fffc8210000 - 0x00007fffc8231000 	C:\WINDOWS\SYSTEM32\profapi.dll
0x00007fff74680000 - 0x00007fff7469a000 	D:\Android\Android Studio\jre\bin\net.dll
0x00007fffc17a0000 - 0x00007fffc18ac000 	C:\WINDOWS\SYSTEM32\WINHTTP.dll
0x00007fffc7810000 - 0x00007fffc7877000 	C:\WINDOWS\system32\mswsock.dll
0x00007fff69d40000 - 0x00007fff69d54000 	D:\Android\Android Studio\jre\bin\nio.dll

dbghelp: loaded successfully - version: 4.0.5 - missing functions: none
symbol engine: initialized successfully - sym options: 0x614 - pdb path: .;D:\Android\Android Studio\jre\bin;C:\WINDOWS\SYSTEM32;C:\WINDOWS\WinSxS\amd64_microsoft.windows.common-controls_6595b64144ccf1df_6.0.22000.120_none_9d947278b86cc467;D:\Android\Android Studio\jre\bin\server

VM Arguments:
jvm_args: -Dorg.gradle.appname=gradlew 
java_command: org.gradle.wrapper.GradleWrapperMain -q -Ptarget-platform=android-x86 -Ptarget=C:\Users\User\Downloads\kopi\lib\main.dart -Pbase-application-name=android.app.Application -Pdart-defines=RkxVVFRFUl9XRUJfQVVUT19ERVRFQ1Q9dHJ1ZQ== -Pdart-obfuscation=false -Ptrack-widget-creation=true -Ptree-shake-icons=false -Pfilesystem-scheme=org-dartlang-root assembleDebug
java_class_path (initial): C:\Users\User\Downloads\kopi\android\\gradle\wrapper\gradle-wrapper.jar
Launcher Type: SUN_STANDARD

[Global flags]
     intx CICompilerCount                          = 3                                         {product} {ergonomic}
     uint ConcGCThreads                            = 1                                         {product} {ergonomic}
     uint G1ConcRefinementThreads                  = 4                                         {product} {ergonomic}
   size_t G1HeapRegionSize                         = 1048576                                   {product} {ergonomic}
    uintx GCDrainStackTargetSize                   = 64                                        {product} {ergonomic}
   size_t InitialHeapSize                          = 123731968                                 {product} {ergonomic}
   size_t MarkStackSize                            = 4194304                                   {product} {ergonomic}
   size_t MaxHeapSize                              = 1977614336                                {product} {ergonomic}
   size_t MaxNewSize                               = 1185939456                                {product} {ergonomic}
   size_t MinHeapDeltaBytes                        = 1048576                                   {product} {ergonomic}
    uintx NonNMethodCodeHeapSize                   = 5830732                                {pd product} {ergonomic}
    uintx NonProfiledCodeHeapSize                  = 122913754                              {pd product} {ergonomic}
    uintx ProfiledCodeHeapSize                     = 122913754                              {pd product} {ergonomic}
    uintx ReservedCodeCacheSize                    = 251658240                              {pd product} {ergonomic}
     bool SegmentedCodeCache                       = true                                      {product} {ergonomic}
     bool UseCompressedClassPointers               = true                                 {lp64_product} {ergonomic}
     bool UseCompressedOops                        = true                                 {lp64_product} {ergonomic}
     bool UseG1GC                                  = true                                      {product} {ergonomic}
     bool UseLargePagesIndividualAllocation        = false                                  {pd product} {ergonomic}

Logging:
Log output configuration:
 #0: stdout all=warning uptime,level,tags
 #1: stderr all=off uptime,level,tags

Environment Variables:
JAVA_HOME=D:\Android\Android Studio\jre
CLASSPATH=C:\Users\User\Downloads\kopi\android\\gradle\wrapper\gradle-wrapper.jar
PATH=C:\Program Files\Zulu\zulu-8\bin\;C:\WINDOWS\system32;C:\WINDOWS;C:\WINDOWS\System32\Wbem;C:\WINDOWS\System32\WindowsPowerShell\v1.0\;C:\WINDOWS\System32\OpenSSH\;C:\Program Files\PuTTY\;C:\Program Files\Microsoft SQL Server\150\Tools\Binn\;C:\Program Files\Microsoft SQL Server\Client SDK\ODBC\170\Tools\Binn\;C:\Program Files\dotnet\;C:\Program Files\Git\cmd;C:\Users\User\AppData\Local\Microsoft\WindowsApps;C:\Users\User\AppData\Local\Programs\Microsoft VS Code\bin;C:\src\flutter\bin;C:\Users\User\.dotnet\tools;C:\src\flutter\bin\mingit\cmd
USERNAME=User
OS=Windows_NT
PROCESSOR_IDENTIFIER=AMD64 Family 23 Model 96 Stepping 1, AuthenticAMD



---------------  S Y S T E M  ---------------

OS: Windows 10 , 64 bit Build 22000 (10.0.22000.708)
OS uptime: 0 days 3:31 hours

CPU:total 4 (initial active 4) (4 cores per cpu, 1 threads per core) family 23 model 96 stepping 1 microcode 0x0, cmov, cx8, fxsr, mmx, sse, sse2, sse3, ssse3, sse4.1, sse4.2, popcnt, avx, avx2, aes, clmul, mmxext, 3dnowpref, lzcnt, sse4a, tsc, tscinvbit, tscinv, bmi1, bmi2, adx, sha, fma

Memory: 4k page, system-wide physical 7543M (275M free)
TotalPageFile size 18031M (AvailPageFile size 0M)
current process WorkingSet (physical memory assigned to process): 48M, peak: 48M
current process commit charge ("private bytes"): 190M, peak: 190M

vm_info: OpenJDK 64-Bit Server VM (11.0.12+7-b1504.28-7817840) for windows-amd64 JRE (11.0.12+7-b1504.28-7817840), built on Oct 13 2021 22:12:33 by "builder" with MS VC++ 14.0 (VS2015)

END.
