#
# There is insufficient memory for the Java Runtime Environment to continue.
# Native memory allocation (malloc) failed to allocate 1048576 bytes for AllocateHeap
# Possible reasons:
#   The system is out of physical RAM or swap space
#   The process is running with CompressedOops enabled, and the Java Heap may be blocking the growth of the native heap
# Possible solutions:
#   Reduce memory load on the system
#   Increase physical memory or swap space
#   Check if swap backing store is full
#   Decrease Java heap size (-Xmx/-Xms)
#   Decrease number of Java threads
#   Decrease Java thread stack sizes (-Xss)
#   Set larger code cache with -XX:ReservedCodeCacheSize=
#   JVM is running with Unscaled Compressed Oops mode in which the Java heap is
#     placed in the first 4GB address space. The Java Heap base address is the
#     maximum limit for the native heap growth. Please use -XX:HeapBaseMinAddress
#     to set the Java Heap base and to place the Java Heap above 4GB virtual address.
# This output file may be truncated or incomplete.
#
#  Out of Memory Error (./src/hotspot/share/memory/allocation.cpp:46), pid=16624, tid=25468
#
# JRE version: OpenJDK Runtime Environment (11.0.12+7) (build 11.0.12+7-b1504.28-7817840)
# Java VM: OpenJDK 64-Bit Server VM (11.0.12+7-b1504.28-7817840, mixed mode, tiered, compressed oops, g1 gc, windows-amd64)
# No core dump will be written. Minidumps are not enabled by default on client versions of Windows
#

---------------  S U M M A R Y ------------

Command Line: -Dorg.gradle.appname=gradlew org.gradle.wrapper.GradleWrapperMain -q -Ptarget-platform=android-x86 -Ptarget=C:\Users\User\Downloads\kopi\lib\main.dart -Pbase-application-name=android.app.Application -Pdart-defines=RkxVVFRFUl9XRUJfQVVUT19ERVRFQ1Q9dHJ1ZQ== -Pdart-obfuscation=false -Ptrack-widget-creation=true -Ptree-shake-icons=false -Pfilesystem-scheme=org-dartlang-root assembleDebug

Host: AMD Ryzen 3 4300U with Radeon Graphics         , 4 cores, 7G,  Windows 10 , 64 bit Build 22000 (10.0.22000.708)
Time: Fri Jun 10 13:09:21 2022 SE Asia Standard Time elapsed time: 0.514734 seconds (0d 0h 0m 0s)

---------------  T H R E A D  ---------------

Current thread (0x00000215fee73800):  VMThread "VM Thread" [stack: 0x000000bd16200000,0x000000bd16300000] [id=25468]

Stack: [0x000000bd16200000,0x000000bd16300000]
[error occurred during error reporting (printing stack bounds), id 0xc0000005, EXCEPTION_ACCESS_VIOLATION (0xc0000005) at pc=0x000002158000112d]

Native frames: (J=compiled Java code, j=interpreted, Vv=VM code, C=native code)
V  [jvm.dll+0x5fbcea]
V  [jvm.dll+0x731905]
V  [jvm.dll+0x732f1d]
V  [jvm.dll+0x733535]
V  [jvm.dll+0x7334eb]
V  [jvm.dll+0x5fb080]
V  [jvm.dll+0x5fb818]
C  [ntdll.dll+0xa8e4f]
C  [ntdll.dll+0x35e9a]
C  [ntdll.dll+0xa7e5e]
C  0x000002158000112d

VM_Operation (0x000000bd15cfaf80): CollectForMetadataAllocation, mode: safepoint, requested by thread 0x00000215f4921800


---------------  P R O C E S S  ---------------

Threads class SMR info:
_java_thread_list=0x00000215ff959c70, length=10, elements={
0x00000215f4921800, 0x00000215fee78000, 0x00000215fee99000, 0x00000215feeb9800,
0x00000215feeba000, 0x00000215feebb000, 0x00000215feebe000, 0x00000215ff84c000,
0x00000215ff870000, 0x00000215ff975800
}

Java Threads: ( => current thread )
  0x00000215f4921800 JavaThread "main" [_thread_blocked, id=14064, stack(0x000000bd15c00000,0x000000bd15d00000)]
  0x00000215fee78000 JavaThread "Reference Handler" daemon [_thread_blocked, id=23492, stack(0x000000bd16300000,0x000000bd16400000)]
  0x00000215fee99000 JavaThread "Finalizer" daemon [_thread_blocked, id=8840, stack(0x000000bd16400000,0x000000bd16500000)]
  0x00000215feeb9800 JavaThread "Signal Dispatcher" daemon [_thread_blocked, id=11276, stack(0x000000bd16500000,0x000000bd16600000)]
  0x00000215feeba000 JavaThread "Attach Listener" daemon [_thread_blocked, id=13684, stack(0x000000bd16600000,0x000000bd16700000)]
  0x00000215feebb000 JavaThread "Service Thread" daemon [_thread_blocked, id=24780, stack(0x000000bd16700000,0x000000bd16800000)]
  0x00000215feebe000 JavaThread "C2 CompilerThread0" daemon [_thread_blocked, id=1680, stack(0x000000bd16800000,0x000000bd16900000)]
  0x00000215ff84c000 JavaThread "C1 CompilerThread0" daemon [_thread_blocked, id=25388, stack(0x000000bd16900000,0x000000bd16a00000)]
  0x00000215ff870000 JavaThread "Sweeper thread" daemon [_thread_blocked, id=24996, stack(0x000000bd16a00000,0x000000bd16b00000)]
  0x00000215ff975800 JavaThread "Common-Cleaner" daemon [_thread_blocked, id=18708, stack(0x000000bd16c00000,0x000000bd16d00000)]

Other Threads:
=>0x00000215fee73800 VMThread "VM Thread" [stack: 0x000000bd16200000,0x000000bd16300000] [id=25468]
  0x00000215ff96d800 WatcherThread [stack: 0x000000bd16b00000,0x000000bd16c00000] [id=23808]
  0x00000215f4939000 GCTaskThread "GC Thread#0" [stack: 0x000000bd15d00000,0x000000bd15e00000] [id=24608]
  0x00000215ffa92000 GCTaskThread "GC Thread#1" [stack: 0x000000bd16d00000,0x000000bd16e00000] [id=3708]
  0x00000215f4966800 ConcurrentGCThread "G1 Main Marker" [stack: 0x000000bd15e00000,0x000000bd15f00000] [id=24392]
  0x00000215f4968800 ConcurrentGCThread "G1 Conc#0" [stack: 0x000000bd15f00000,0x000000bd16000000] [id=11468]
  0x00000215f49e7800 ConcurrentGCThread "G1 Refine#0" [stack: 0x000000bd16000000,0x000000bd16100000] [id=25448]
  0x00000215f49e9800 ConcurrentGCThread "G1 Young RemSet Sampling" [stack: 0x000000bd16100000,0x000000bd16200000] [id=21104]

Threads with active compile tasks:
C2 CompilerThread0    531  269 %     4       java.util.zip.ZipFile$Source::hashN @ 2 (26 bytes)

VM state:at safepoint (normal execution)

VM Mutex/Monitor currently owned by a thread:  ([mutex/lock_event])
[0x00000215f491d500] Threads_lock - owner thread: 0x00000215fee73800
[0x00000215f491dfb0] Heap_lock - owner thread: 0x00000215f4921800

Heap address: 0x000000008a200000, size: 1886 MB, Compressed Oops mode: 32-bit
Narrow klass base: 0x0000000000000000, Narrow klass shift: 3
Compressed class space size: 1073741824 Address: 0x0000000100000000

Heap:
 garbage-first heap   total 120832K, used 1184K [0x000000008a200000, 0x0000000100000000)
  region size 1024K, 2 young (2048K), 2 survivors (2048K)
 Metaspace       used 7509K, capacity 7578K, committed 7680K, reserved 1064960K
  class space    used 671K, capacity 708K, committed 768K, reserved 1048576K
Heap Regions: E=young(eden), S=young(survivor), O=old, HS=humongous(starts), HC=humongous(continues), CS=collection set, F=free, A=archive, TAMS=top-at-mark-start (previous, next)
|   0|0x000000008a200000, 0x000000008a200000, 0x000000008a300000|  0%| F|  |TAMS 0x000000008a200000, 0x000000008a200000| Untracked 
|   1|0x000000008a300000, 0x000000008a300000, 0x000000008a400000|  0%| F|  |TAMS 0x000000008a300000, 0x000000008a300000| Untracked 
|   2|0x000000008a400000, 0x000000008a400000, 0x000000008a500000|  0%| F|  |TAMS 0x000000008a400000, 0x000000008a400000| Untracked 
|   3|0x000000008a500000, 0x000000008a500000, 0x000000008a600000|  0%| F|  |TAMS 0x000000008a500000, 0x000000008a500000| Untracked 
|   4|0x000000008a600000, 0x000000008a600000, 0x000000008a700000|  0%| F|  |TAMS 0x000000008a600000, 0x000000008a600000| Untracked 
|   5|0x000000008a700000, 0x000000008a700000, 0x000000008a800000|  0%| F|  |TAMS 0x000000008a700000, 0x000000008a700000| Untracked 
|   6|0x000000008a800000, 0x000000008a800000, 0x000000008a900000|  0%| F|  |TAMS 0x000000008a800000, 0x000000008a800000| Untracked 
|   7|0x000000008a900000, 0x000000008a900000, 0x000000008aa00000|  0%| F|  |TAMS 0x000000008a900000, 0x000000008a900000| Untracked 
|   8|0x000000008aa00000, 0x000000008aa00000, 0x000000008ab00000|  0%| F|  |TAMS 0x000000008aa00000, 0x000000008aa00000| Untracked 
|   9|0x000000008ab00000, 0x000000008ab00000, 0x000000008ac00000|  0%| F|  |TAMS 0x000000008ab00000, 0x000000008ab00000| Untracked 
|  10|0x000000008ac00000, 0x000000008ac00000, 0x000000008ad00000|  0%| F|  |TAMS 0x000000008ac00000, 0x000000008ac00000| Untracked 
|  11|0x000000008ad00000, 0x000000008ad00000, 0x000000008ae00000|  0%| F|  |TAMS 0x000000008ad00000, 0x000000008ad00000| Untracked 
|  12|0x000000008ae00000, 0x000000008ae00000, 0x000000008af00000|  0%| F|  |TAMS 0x000000008ae00000, 0x000000008ae00000| Untracked 
|  13|0x000000008af00000, 0x000000008af00000, 0x000000008b000000|  0%| F|  |TAMS 0x000000008af00000, 0x000000008af00000| Untracked 
|  14|0x000000008b000000, 0x000000008b000000, 0x000000008b100000|  0%| F|  |TAMS 0x000000008b000000, 0x000000008b000000| Untracked 
|  15|0x000000008b100000, 0x000000008b100000, 0x000000008b200000|  0%| F|  |TAMS 0x000000008b100000, 0x000000008b100000| Untracked 
|  16|0x000000008b200000, 0x000000008b200000, 0x000000008b300000|  0%| F|  |TAMS 0x000000008b200000, 0x000000008b200000| Untracked 
|  17|0x000000008b300000, 0x000000008b300000, 0x000000008b400000|  0%| F|  |TAMS 0x000000008b300000, 0x000000008b300000| Untracked 
|  18|0x000000008b400000, 0x000000008b400000, 0x000000008b500000|  0%| F|  |TAMS 0x000000008b400000, 0x000000008b400000| Untracked 
|  19|0x000000008b500000, 0x000000008b500000, 0x000000008b600000|  0%| F|  |TAMS 0x000000008b500000, 0x000000008b500000| Untracked 
|  20|0x000000008b600000, 0x000000008b600000, 0x000000008b700000|  0%| F|  |TAMS 0x000000008b600000, 0x000000008b600000| Untracked 
|  21|0x000000008b700000, 0x000000008b700000, 0x000000008b800000|  0%| F|  |TAMS 0x000000008b700000, 0x000000008b700000| Untracked 
|  22|0x000000008b800000, 0x000000008b800000, 0x000000008b900000|  0%| F|  |TAMS 0x000000008b800000, 0x000000008b800000| Untracked 
|  23|0x000000008b900000, 0x000000008b900000, 0x000000008ba00000|  0%| F|  |TAMS 0x000000008b900000, 0x000000008b900000| Untracked 
|  24|0x000000008ba00000, 0x000000008ba00000, 0x000000008bb00000|  0%| F|  |TAMS 0x000000008ba00000, 0x000000008ba00000| Untracked 
|  25|0x000000008bb00000, 0x000000008bb00000, 0x000000008bc00000|  0%| F|  |TAMS 0x000000008bb00000, 0x000000008bb00000| Untracked 
|  26|0x000000008bc00000, 0x000000008bc00000, 0x000000008bd00000|  0%| F|  |TAMS 0x000000008bc00000, 0x000000008bc00000| Untracked 
|  27|0x000000008bd00000, 0x000000008bd00000, 0x000000008be00000|  0%| F|  |TAMS 0x000000008bd00000, 0x000000008bd00000| Untracked 
|  28|0x000000008be00000, 0x000000008be00000, 0x000000008bf00000|  0%| F|  |TAMS 0x000000008be00000, 0x000000008be00000| Untracked 
|  29|0x000000008bf00000, 0x000000008bf00000, 0x000000008c000000|  0%| F|  |TAMS 0x000000008bf00000, 0x000000008bf00000| Untracked 
|  30|0x000000008c000000, 0x000000008c000000, 0x000000008c100000|  0%| F|  |TAMS 0x000000008c000000, 0x000000008c000000| Untracked 
|  31|0x000000008c100000, 0x000000008c100000, 0x000000008c200000|  0%| F|  |TAMS 0x000000008c100000, 0x000000008c100000| Untracked 
|  32|0x000000008c200000, 0x000000008c200000, 0x000000008c300000|  0%| F|  |TAMS 0x000000008c200000, 0x000000008c200000| Untracked 
|  33|0x000000008c300000, 0x000000008c300000, 0x000000008c400000|  0%| F|  |TAMS 0x000000008c300000, 0x000000008c300000| Untracked 
|  34|0x000000008c400000, 0x000000008c400000, 0x000000008c500000|  0%| F|  |TAMS 0x000000008c400000, 0x000000008c400000| Untracked 
|  35|0x000000008c500000, 0x000000008c500000, 0x000000008c600000|  0%| F|  |TAMS 0x000000008c500000, 0x000000008c500000| Untracked 
|  36|0x000000008c600000, 0x000000008c600000, 0x000000008c700000|  0%| F|  |TAMS 0x000000008c600000, 0x000000008c600000| Untracked 
|  37|0x000000008c700000, 0x000000008c700000, 0x000000008c800000|  0%| F|  |TAMS 0x000000008c700000, 0x000000008c700000| Untracked 
|  38|0x000000008c800000, 0x000000008c800000, 0x000000008c900000|  0%| F|  |TAMS 0x000000008c800000, 0x000000008c800000| Untracked 
|  39|0x000000008c900000, 0x000000008c900000, 0x000000008ca00000|  0%| F|  |TAMS 0x000000008c900000, 0x000000008c900000| Untracked 
|  40|0x000000008ca00000, 0x000000008ca00000, 0x000000008cb00000|  0%| F|  |TAMS 0x000000008ca00000, 0x000000008ca00000| Untracked 
|  41|0x000000008cb00000, 0x000000008cb00000, 0x000000008cc00000|  0%| F|  |TAMS 0x000000008cb00000, 0x000000008cb00000| Untracked 
|  42|0x000000008cc00000, 0x000000008cc00000, 0x000000008cd00000|  0%| F|  |TAMS 0x000000008cc00000, 0x000000008cc00000| Untracked 
|  43|0x000000008cd00000, 0x000000008cd00000, 0x000000008ce00000|  0%| F|  |TAMS 0x000000008cd00000, 0x000000008cd00000| Untracked 
|  44|0x000000008ce00000, 0x000000008ce00000, 0x000000008cf00000|  0%| F|  |TAMS 0x000000008ce00000, 0x000000008ce00000| Untracked 
|  45|0x000000008cf00000, 0x000000008cf00000, 0x000000008d000000|  0%| F|  |TAMS 0x000000008cf00000, 0x000000008cf00000| Untracked 
|  46|0x000000008d000000, 0x000000008d000000, 0x000000008d100000|  0%| F|  |TAMS 0x000000008d000000, 0x000000008d000000| Untracked 
|  47|0x000000008d100000, 0x000000008d100000, 0x000000008d200000|  0%| F|  |TAMS 0x000000008d100000, 0x000000008d100000| Untracked 
|  48|0x000000008d200000, 0x000000008d200000, 0x000000008d300000|  0%| F|  |TAMS 0x000000008d200000, 0x000000008d200000| Untracked 
|  49|0x000000008d300000, 0x000000008d300000, 0x000000008d400000|  0%| F|  |TAMS 0x000000008d300000, 0x000000008d300000| Untracked 
|  50|0x000000008d400000, 0x000000008d400000, 0x000000008d500000|  0%| F|  |TAMS 0x000000008d400000, 0x000000008d400000| Untracked 
|  51|0x000000008d500000, 0x000000008d500000, 0x000000008d600000|  0%| F|  |TAMS 0x000000008d500000, 0x000000008d500000| Untracked 
|  52|0x000000008d600000, 0x000000008d600000, 0x000000008d700000|  0%| F|  |TAMS 0x000000008d600000, 0x000000008d600000| Untracked 
|  53|0x000000008d700000, 0x000000008d700000, 0x000000008d800000|  0%| F|  |TAMS 0x000000008d700000, 0x000000008d700000| Untracked 
|  54|0x000000008d800000, 0x000000008d800000, 0x000000008d900000|  0%| F|  |TAMS 0x000000008d800000, 0x000000008d800000| Untracked 
|  55|0x000000008d900000, 0x000000008d900000, 0x000000008da00000|  0%| F|  |TAMS 0x000000008d900000, 0x000000008d900000| Untracked 
|  56|0x000000008da00000, 0x000000008da00000, 0x000000008db00000|  0%| F|  |TAMS 0x000000008da00000, 0x000000008da00000| Untracked 
|  57|0x000000008db00000, 0x000000008db00000, 0x000000008dc00000|  0%| F|  |TAMS 0x000000008db00000, 0x000000008db00000| Untracked 
|  58|0x000000008dc00000, 0x000000008dc00000, 0x000000008dd00000|  0%| F|  |TAMS 0x000000008dc00000, 0x000000008dc00000| Untracked 
|  59|0x000000008dd00000, 0x000000008dd00000, 0x000000008de00000|  0%| F|  |TAMS 0x000000008dd00000, 0x000000008dd00000| Untracked 
|  60|0x000000008de00000, 0x000000008de00000, 0x000000008df00000|  0%| F|  |TAMS 0x000000008de00000, 0x000000008de00000| Untracked 
|  61|0x000000008df00000, 0x000000008df00000, 0x000000008e000000|  0%| F|  |TAMS 0x000000008df00000, 0x000000008df00000| Untracked 
|  62|0x000000008e000000, 0x000000008e000000, 0x000000008e100000|  0%| F|  |TAMS 0x000000008e000000, 0x000000008e000000| Untracked 
|  63|0x000000008e100000, 0x000000008e100000, 0x000000008e200000|  0%| F|  |TAMS 0x000000008e100000, 0x000000008e100000| Untracked 
|  64|0x000000008e200000, 0x000000008e200000, 0x000000008e300000|  0%| F|  |TAMS 0x000000008e200000, 0x000000008e200000| Untracked 
|  65|0x000000008e300000, 0x000000008e300000, 0x000000008e400000|  0%| F|  |TAMS 0x000000008e300000, 0x000000008e300000| Untracked 
|  66|0x000000008e400000, 0x000000008e400000, 0x000000008e500000|  0%| F|  |TAMS 0x000000008e400000, 0x000000008e400000| Untracked 
|  67|0x000000008e500000, 0x000000008e500000, 0x000000008e600000|  0%| F|  |TAMS 0x000000008e500000, 0x000000008e500000| Untracked 
|  68|0x000000008e600000, 0x000000008e600000, 0x000000008e700000|  0%| F|  |TAMS 0x000000008e600000, 0x000000008e600000| Untracked 
|  69|0x000000008e700000, 0x000000008e700000, 0x000000008e800000|  0%| F|  |TAMS 0x000000008e700000, 0x000000008e700000| Untracked 
|  70|0x000000008e800000, 0x000000008e800000, 0x000000008e900000|  0%| F|  |TAMS 0x000000008e800000, 0x000000008e800000| Untracked 
|  71|0x000000008e900000, 0x000000008e900000, 0x000000008ea00000|  0%| F|  |TAMS 0x000000008e900000, 0x000000008e900000| Untracked 
|  72|0x000000008ea00000, 0x000000008ea00000, 0x000000008eb00000|  0%| F|  |TAMS 0x000000008ea00000, 0x000000008ea00000| Untracked 
|  73|0x000000008eb00000, 0x000000008eb00000, 0x000000008ec00000|  0%| F|  |TAMS 0x000000008eb00000, 0x000000008eb00000| Untracked 
|  74|0x000000008ec00000, 0x000000008ec00000, 0x000000008ed00000|  0%| F|  |TAMS 0x000000008ec00000, 0x000000008ec00000| Untracked 
|  75|0x000000008ed00000, 0x000000008ed00000, 0x000000008ee00000|  0%| F|  |TAMS 0x000000008ed00000, 0x000000008ed00000| Untracked 
|  76|0x000000008ee00000, 0x000000008ee00000, 0x000000008ef00000|  0%| F|  |TAMS 0x000000008ee00000, 0x000000008ee00000| Untracked 
|  77|0x000000008ef00000, 0x000000008ef00000, 0x000000008f000000|  0%| F|  |TAMS 0x000000008ef00000, 0x000000008ef00000| Untracked 
|  78|0x000000008f000000, 0x000000008f000000, 0x000000008f100000|  0%| F|  |TAMS 0x000000008f000000, 0x000000008f000000| Untracked 
|  79|0x000000008f100000, 0x000000008f100000, 0x000000008f200000|  0%| F|  |TAMS 0x000000008f100000, 0x000000008f100000| Untracked 
|  80|0x000000008f200000, 0x000000008f200000, 0x000000008f300000|  0%| F|  |TAMS 0x000000008f200000, 0x000000008f200000| Untracked 
|  81|0x000000008f300000, 0x000000008f300000, 0x000000008f400000|  0%| F|  |TAMS 0x000000008f300000, 0x000000008f300000| Untracked 
|  82|0x000000008f400000, 0x000000008f400000, 0x000000008f500000|  0%| F|  |TAMS 0x000000008f400000, 0x000000008f400000| Untracked 
|  83|0x000000008f500000, 0x000000008f500000, 0x000000008f600000|  0%| F|  |TAMS 0x000000008f500000, 0x000000008f500000| Untracked 
|  84|0x000000008f600000, 0x000000008f600000, 0x000000008f700000|  0%| F|  |TAMS 0x000000008f600000, 0x000000008f600000| Untracked 
|  85|0x000000008f700000, 0x000000008f700000, 0x000000008f800000|  0%| F|  |TAMS 0x000000008f700000, 0x000000008f700000| Untracked 
|  86|0x000000008f800000, 0x000000008f800000, 0x000000008f900000|  0%| F|  |TAMS 0x000000008f800000, 0x000000008f800000| Untracked 
|  87|0x000000008f900000, 0x000000008f900000, 0x000000008fa00000|  0%| F|  |TAMS 0x000000008f900000, 0x000000008f900000| Untracked 
|  88|0x000000008fa00000, 0x000000008fa00000, 0x000000008fb00000|  0%| F|  |TAMS 0x000000008fa00000, 0x000000008fa00000| Untracked 
|  89|0x000000008fb00000, 0x000000008fb00000, 0x000000008fc00000|  0%| F|  |TAMS 0x000000008fb00000, 0x000000008fb00000| Untracked 
|  90|0x000000008fc00000, 0x000000008fc00000, 0x000000008fd00000|  0%| F|  |TAMS 0x000000008fc00000, 0x000000008fc00000| Untracked 
|  91|0x000000008fd00000, 0x000000008fd00000, 0x000000008fe00000|  0%| F|  |TAMS 0x000000008fd00000, 0x000000008fd00000| Untracked 
|  92|0x000000008fe00000, 0x000000008fe00000, 0x000000008ff00000|  0%| F|  |TAMS 0x000000008fe00000, 0x000000008fe00000| Untracked 
|  93|0x000000008ff00000, 0x000000008ff00000, 0x0000000090000000|  0%| F|  |TAMS 0x000000008ff00000, 0x000000008ff00000| Untracked 
|  94|0x0000000090000000, 0x0000000090000000, 0x0000000090100000|  0%| F|  |TAMS 0x0000000090000000, 0x0000000090000000| Untracked 
|  95|0x0000000090100000, 0x0000000090100000, 0x0000000090200000|  0%| F|  |TAMS 0x0000000090100000, 0x0000000090100000| Untracked 
|  96|0x0000000090200000, 0x0000000090200000, 0x0000000090300000|  0%| F|  |TAMS 0x0000000090200000, 0x0000000090200000| Untracked 
|  97|0x0000000090300000, 0x0000000090300000, 0x0000000090400000|  0%| F|  |TAMS 0x0000000090300000, 0x0000000090300000| Untracked 
|  98|0x0000000090400000, 0x0000000090400000, 0x0000000090500000|  0%| F|  |TAMS 0x0000000090400000, 0x0000000090400000| Untracked 
|  99|0x0000000090500000, 0x0000000090500000, 0x0000000090600000|  0%| F|  |TAMS 0x0000000090500000, 0x0000000090500000| Untracked 
| 100|0x0000000090600000, 0x0000000090600000, 0x0000000090700000|  0%| F|  |TAMS 0x0000000090600000, 0x0000000090600000| Untracked 
| 101|0x0000000090700000, 0x0000000090700000, 0x0000000090800000|  0%| F|  |TAMS 0x0000000090700000, 0x0000000090700000| Untracked 
| 102|0x0000000090800000, 0x0000000090800000, 0x0000000090900000|  0%| F|  |TAMS 0x0000000090800000, 0x0000000090800000| Untracked 
| 103|0x0000000090900000, 0x0000000090900000, 0x0000000090a00000|  0%| F|  |TAMS 0x0000000090900000, 0x0000000090900000| Untracked 
| 104|0x0000000090a00000, 0x0000000090a00000, 0x0000000090b00000|  0%| F|  |TAMS 0x0000000090a00000, 0x0000000090a00000| Untracked 
| 105|0x0000000090b00000, 0x0000000090b00000, 0x0000000090c00000|  0%| F|  |TAMS 0x0000000090b00000, 0x0000000090b00000| Untracked 
| 106|0x0000000090c00000, 0x0000000090c00000, 0x0000000090d00000|  0%| F|  |TAMS 0x0000000090c00000, 0x0000000090c00000| Untracked 
| 107|0x0000000090d00000, 0x0000000090d00000, 0x0000000090e00000|  0%| F|  |TAMS 0x0000000090d00000, 0x0000000090d00000| Untracked 
| 108|0x0000000090e00000, 0x0000000090e00000, 0x0000000090f00000|  0%| F|  |TAMS 0x0000000090e00000, 0x0000000090e00000| Untracked 
| 109|0x0000000090f00000, 0x0000000090f00000, 0x0000000091000000|  0%| F|  |TAMS 0x0000000090f00000, 0x0000000090f00000| Untracked 
| 110|0x0000000091000000, 0x0000000091000000, 0x0000000091100000|  0%| F|  |TAMS 0x0000000091000000, 0x0000000091000000| Untracked 
| 111|0x0000000091100000, 0x0000000091100000, 0x0000000091200000|  0%| F|  |TAMS 0x0000000091100000, 0x0000000091100000| Untracked 
| 112|0x0000000091200000, 0x0000000091200000, 0x0000000091300000|  0%| F|  |TAMS 0x0000000091200000, 0x0000000091200000| Untracked 
| 113|0x0000000091300000, 0x0000000091328000, 0x0000000091400000| 15%| S|CS|TAMS 0x0000000091300000, 0x0000000091300000| Complete 
| 114|0x0000000091400000, 0x0000000091500000, 0x0000000091500000|100%| S|CS|TAMS 0x0000000091400000, 0x0000000091400000| Complete 
| 115|0x0000000091500000, 0x0000000091500000, 0x0000000091600000|  0%| F|  |TAMS 0x0000000091500000, 0x0000000091500000| Untracked 
| 116|0x0000000091600000, 0x0000000091600000, 0x0000000091700000|  0%| F|  |TAMS 0x0000000091600000, 0x0000000091600000| Untracked 
| 117|0x0000000091700000, 0x0000000091700000, 0x0000000091800000|  0%| F|  |TAMS 0x0000000091700000, 0x0000000091700000| Untracked 

Card table byte_map: [0x00000215fa610000,0x00000215fa9c0000] _byte_map_base: 0x00000215fa1bf000

Marking Bits (Prev, Next): (CMBitMap*) 0x00000215f495e298, (CMBitMap*) 0x00000215f495e2d0
 Prev Bits: [0x00000215fad70000, 0x00000215fcae8000)
 Next Bits: [0x00000215fcaf0000, 0x00000215fe868000)

Polling page: 0x00000215f4a00000

Metaspace:

Usage:
  Non-class:      6.71 MB capacity,     6.68 MB (>99%) used,    26.75 KB ( <1%) free+waste,     5.44 KB ( <1%) overhead. 
      Class:    708.00 KB capacity,   671.66 KB ( 95%) used,    34.09 KB (  5%) free+waste,     2.25 KB ( <1%) overhead. 
       Both:      7.40 MB capacity,     7.33 MB (>99%) used,    60.84 KB ( <1%) free+waste,     7.69 KB ( <1%) overhead. 

Virtual space:
  Non-class space:       16.00 MB reserved,       6.75 MB ( 42%) committed 
      Class space:        1.00 GB reserved,     768.00 KB ( <1%) committed 
             Both:        1.02 GB reserved,       7.50 MB ( <1%) committed 

Chunk freelists:
   Non-Class:  42.00 KB
       Class:  28.00 KB
        Both:  70.00 KB

MaxMetaspaceSize: 17179869184.00 GB
CompressedClassSpaceSize: 1.00 GB
Initial GC threshold: 20.80 MB
Current GC threshold: 21.12 MB
CDS: off

CodeHeap 'non-profiled nmethods': size=120064Kb used=67Kb max_used=67Kb free=119996Kb
 bounds [0x0000021587ac0000, 0x0000021587d30000, 0x000002158f000000]
CodeHeap 'profiled nmethods': size=120000Kb used=350Kb max_used=350Kb free=119649Kb
 bounds [0x0000021580590000, 0x0000021580800000, 0x0000021587ac0000]
CodeHeap 'non-nmethods': size=5696Kb used=1118Kb max_used=1129Kb free=4577Kb
 bounds [0x0000021580000000, 0x0000021580270000, 0x0000021580590000]
 total_blobs=630 nmethods=269 adapters=274
 compilation: enabled
              stopped_count=0, restarted_count=0
 full_count=0

Compilation events (20 events):
Event: 0.501 Thread 0x00000215ff84c000  261       3       java.util.zip.ZipUtils::CENFLG (9 bytes)
Event: 0.501 Thread 0x00000215ff84c000 nmethod 261 0x00000215805e4810 code [0x00000215805e49c0, 0x00000215805e4b58]
Event: 0.501 Thread 0x00000215feebe000 nmethod 257 0x0000021587ad0690 code [0x0000021587ad0820, 0x0000021587ad08b8]
Event: 0.501 Thread 0x00000215ff84c000  262       3       java.lang.Math::max (11 bytes)
Event: 0.501 Thread 0x00000215ff84c000 nmethod 262 0x00000215805e4c90 code [0x00000215805e4e40, 0x00000215805e4f78]
Event: 0.502 Thread 0x00000215ff84c000  263       3       java.lang.String::startsWith (7 bytes)
Event: 0.502 Thread 0x00000215ff84c000 nmethod 263 0x00000215805e5010 code [0x00000215805e51c0, 0x00000215805e5308]
Event: 0.503 Thread 0x00000215ff84c000  264       3       java.lang.StringLatin1::toLowerCase (180 bytes)
Event: 0.503 Thread 0x00000215ff84c000 nmethod 264 0x00000215805e5390 code [0x00000215805e5640, 0x00000215805e6338]
Event: 0.505 Thread 0x00000215feebe000  265       4       java.lang.CharacterData::of (120 bytes)
Event: 0.505 Thread 0x00000215feebe000 nmethod 265 0x0000021587ad0990 code [0x0000021587ad0b20, 0x0000021587ad0b98]
Event: 0.506 Thread 0x00000215ff84c000  266       3       java.util.zip.ZipUtils::CENSIG (8 bytes)
Event: 0.506 Thread 0x00000215ff84c000 nmethod 266 0x00000215805e6810 code [0x00000215805e69e0, 0x00000215805e6cb8]
Event: 0.506 Thread 0x00000215ff84c000  267       3       java.util.zip.ZipFile$Source::addEntry (33 bytes)
Event: 0.506 Thread 0x00000215feebe000  269 %     4       java.util.zip.ZipFile$Source::hashN @ 2 (26 bytes)
Event: 0.506 Thread 0x00000215ff84c000 nmethod 267 0x00000215805e6e90 code [0x00000215805e7040, 0x00000215805e71b8]
Event: 0.506 Thread 0x00000215ff84c000  268       3       java.util.zip.ZipFile$Source::isMetaName (141 bytes)
Event: 0.507 Thread 0x00000215ff84c000 nmethod 268 0x00000215805e7310 code [0x00000215805e74e0, 0x00000215805e79d8]
Event: 0.509 Thread 0x00000215ff84c000  271       1       java.util.ArrayList::size (5 bytes)
Event: 0.510 Thread 0x00000215ff84c000 nmethod 271 0x0000021587ad0c90 code [0x0000021587ad0e40, 0x0000021587ad0ef8]

GC Heap History (2 events):
Event: 0.510 GC heap before
{Heap before GC invocations=0 (full 0):
 garbage-first heap   total 120832K, used 2048K [0x000000008a200000, 0x0000000100000000)
  region size 1024K, 3 young (3072K), 0 survivors (0K)
 Metaspace       used 7509K, capacity 7578K, committed 7680K, reserved 1062912K
  class space    used 671K, capacity 708K, committed 768K, reserved 1048576K
}
Event: 0.513 GC heap after
{Heap after GC invocations=1 (full 0):
 garbage-first heap   total 120832K, used 1184K [0x000000008a200000, 0x0000000100000000)
  region size 1024K, 2 young (2048K), 2 survivors (2048K)
 Metaspace       used 7509K, capacity 7578K, committed 7680K, reserved 1062912K
  class space    used 671K, capacity 708K, committed 768K, reserved 1048576K
}

Deoptimization events (4 events):
Event: 0.302 Thread 0x00000215f4921800 Uncommon trap: trap_request=0xffffff4d fr.pc=0x0000021587ac3cfc relative=0x00000000000001dc
Event: 0.302 Thread 0x00000215f4921800 Uncommon trap: reason=unstable_if action=reinterpret pc=0x0000021587ac3cfc method=java.lang.String.hashCode()I @ 14 c2
Event: 0.302 Thread 0x00000215f4921800 DEOPT PACKING pc=0x0000021587ac3cfc sp=0x000000bd15cfd5f0
Event: 0.302 Thread 0x00000215f4921800 DEOPT UNPACKING pc=0x000002158004a1af sp=0x000000bd15cfd588 mode 2

Classes redefined (0 events):
No events

Internal exceptions (1 events):
Event: 0.410 Thread 0x00000215f4921800 Exception <a 'java/lang/NoSuchMethodError'{0x00000000916880a8}: 'int java.lang.invoke.DirectMethodHandle$Holder.invokeSpecialIFC(java.lang.Object, java.lang.Object, int)'> (0x00000000916880a8) thrown at [./src/hotspot/share/interpreter/linkResolver.cpp, line 773]

Events (20 events):
Event: 0.504 loading class java/io/FilePermission$1 done
Event: 0.504 loading class sun/security/util/FilePermCompat
Event: 0.504 loading class sun/security/util/FilePermCompat done
Event: 0.504 loading class sun/security/util/SecurityProperties
Event: 0.504 loading class sun/security/util/SecurityProperties done
Event: 0.504 loading class java/io/FilePermissionCollection
Event: 0.504 loading class java/io/FilePermissionCollection done
Event: 0.504 loading class java/io/FilePermissionCollection$1
Event: 0.505 loading class java/io/FilePermissionCollection$1 done
Event: 0.505 loading class org/gradle/internal/jvm/UnsupportedJavaRuntimeException
Event: 0.505 loading class org/gradle/internal/jvm/UnsupportedJavaRuntimeException done
Event: 0.508 loading class org/gradle/api/GradleException
Event: 0.508 loading class org/gradle/api/GradleException done
Event: 0.509 loading class jdk/internal/reflect/NativeMethodAccessorImpl
Event: 0.509 loading class jdk/internal/reflect/NativeMethodAccessorImpl done
Event: 0.509 loading class jdk/internal/reflect/DelegatingMethodAccessorImpl
Event: 0.509 loading class jdk/internal/reflect/DelegatingMethodAccessorImpl done
Event: 0.509 loading class org/gradle/api/JavaVersion
Event: 0.509 loading class org/gradle/api/JavaVersion done
Event: 0.510 Executing VM operation: CollectForMetadataAllocation


Dynamic libraries:
0x00007ff6bd7a0000 - 0x00007ff6bd7aa000 	D:\Android\Android Studio\jre\bin\java.exe
0x00007fffcae00000 - 0x00007fffcb009000 	C:\WINDOWS\SYSTEM32\ntdll.dll
0x00007fffca350000 - 0x00007fffca40d000 	C:\WINDOWS\System32\KERNEL32.DLL
0x00007fffc8520000 - 0x00007fffc8899000 	C:\WINDOWS\System32\KERNELBASE.dll
0x00007fffc82e0000 - 0x00007fffc83f1000 	C:\WINDOWS\System32\ucrtbase.dll
0x00007fff91210000 - 0x00007fff91229000 	D:\Android\Android Studio\jre\bin\jli.dll
0x00007fff8f7b0000 - 0x00007fff8f7c7000 	D:\Android\Android Studio\jre\bin\VCRUNTIME140.dll
0x00007fffcac10000 - 0x00007fffcadbc000 	C:\WINDOWS\System32\USER32.dll
0x00007fffb66c0000 - 0x00007fffb6965000 	C:\WINDOWS\WinSxS\amd64_microsoft.windows.common-controls_6595b64144ccf1df_6.0.22000.120_none_9d947278b86cc467\COMCTL32.dll
0x00007fffca570000 - 0x00007fffca613000 	C:\WINDOWS\System32\msvcrt.dll
0x00007fffcaa90000 - 0x00007fffcaab9000 	C:\WINDOWS\System32\GDI32.dll
0x00007fffc8bf0000 - 0x00007fffc8c16000 	C:\WINDOWS\System32\win32u.dll
0x00007fffc8400000 - 0x00007fffc8512000 	C:\WINDOWS\System32\gdi32full.dll
0x00007fffc88a0000 - 0x00007fffc893d000 	C:\WINDOWS\System32\msvcp_win.dll
0x00007fffcaad0000 - 0x00007fffcab01000 	C:\WINDOWS\System32\IMM32.DLL
0x00007fff5b0a0000 - 0x00007fff5b13d000 	D:\Android\Android Studio\jre\bin\msvcp140.dll
0x00007fff58d90000 - 0x00007fff59875000 	D:\Android\Android Studio\jre\bin\server\jvm.dll
0x00007fffca4a0000 - 0x00007fffca54e000 	C:\WINDOWS\System32\ADVAPI32.dll
0x00007fffc9ff0000 - 0x00007fffca08e000 	C:\WINDOWS\System32\sechost.dll
0x00007fffc9100000 - 0x00007fffc9220000 	C:\WINDOWS\System32\RPCRT4.dll
0x00007fffc9fe0000 - 0x00007fffc9fe8000 	C:\WINDOWS\System32\PSAPI.DLL
0x00007fffc26e0000 - 0x00007fffc2713000 	C:\WINDOWS\SYSTEM32\WINMM.dll
0x00007fffb9c70000 - 0x00007fffb9c79000 	C:\WINDOWS\SYSTEM32\WSOCK32.dll
0x00007fffc94a0000 - 0x00007fffc950f000 	C:\WINDOWS\System32\WS2_32.dll
0x00007fffbf940000 - 0x00007fffbf94a000 	C:\WINDOWS\SYSTEM32\VERSION.dll
0x00007fffc73e0000 - 0x00007fffc73f8000 	C:\WINDOWS\SYSTEM32\kernel.appcore.dll
0x00007fff8ed00000 - 0x00007fff8ed11000 	D:\Android\Android Studio\jre\bin\verify.dll
0x00007fffc5f10000 - 0x00007fffc6131000 	C:\WINDOWS\SYSTEM32\DBGHELP.DLL
0x00007fffbead0000 - 0x00007fffbeb01000 	C:\WINDOWS\SYSTEM32\dbgcore.DLL
0x00007fffc8b70000 - 0x00007fffc8bef000 	C:\WINDOWS\System32\bcryptPrimitives.dll
0x00007fff8ecd0000 - 0x00007fff8ecf9000 	D:\Android\Android Studio\jre\bin\java.dll
0x00007fff99ee0000 - 0x00007fff99eeb000 	D:\Android\Android Studio\jre\bin\jimage.dll
0x00007fff746a0000 - 0x00007fff746b8000 	D:\Android\Android Studio\jre\bin\zip.dll
0x00007fffc9600000 - 0x00007fffc9db8000 	C:\WINDOWS\System32\SHELL32.dll
0x00007fffc6450000 - 0x00007fffc6cb8000 	C:\WINDOWS\SYSTEM32\windows.storage.dll
0x00007fffca620000 - 0x00007fffca999000 	C:\WINDOWS\System32\combase.dll
0x00007fffc62e0000 - 0x00007fffc6446000 	C:\WINDOWS\SYSTEM32\wintypes.dll
0x00007fffcab10000 - 0x00007fffcabfa000 	C:\WINDOWS\System32\SHCORE.dll
0x00007fffc9dc0000 - 0x00007fffc9e1d000 	C:\WINDOWS\System32\shlwapi.dll
0x00007fffc8210000 - 0x00007fffc8231000 	C:\WINDOWS\SYSTEM32\profapi.dll
0x00007fff74680000 - 0x00007fff7469a000 	D:\Android\Android Studio\jre\bin\net.dll
0x00007fffc17a0000 - 0x00007fffc18ac000 	C:\WINDOWS\SYSTEM32\WINHTTP.dll
0x00007fffc7810000 - 0x00007fffc7877000 	C:\WINDOWS\system32\mswsock.dll
0x00007fff69d40000 - 0x00007fff69d54000 	D:\Android\Android Studio\jre\bin\nio.dll

dbghelp: loaded successfully - version: 4.0.5 - missing functions: none
symbol engine: initialized successfully - sym options: 0x614 - pdb path: .;D:\Android\Android Studio\jre\bin;C:\WINDOWS\SYSTEM32;C:\WINDOWS\WinSxS\amd64_microsoft.windows.common-controls_6595b64144ccf1df_6.0.22000.120_none_9d947278b86cc467;D:\Android\Android Studio\jre\bin\server

VM Arguments:
jvm_args: -Dorg.gradle.appname=gradlew 
java_command: org.gradle.wrapper.GradleWrapperMain -q -Ptarget-platform=android-x86 -Ptarget=C:\Users\User\Downloads\kopi\lib\main.dart -Pbase-application-name=android.app.Application -Pdart-defines=RkxVVFRFUl9XRUJfQVVUT19ERVRFQ1Q9dHJ1ZQ== -Pdart-obfuscation=false -Ptrack-widget-creation=true -Ptree-shake-icons=false -Pfilesystem-scheme=org-dartlang-root assembleDebug
java_class_path (initial): C:\Users\User\Downloads\kopi\android\\gradle\wrapper\gradle-wrapper.jar
Launcher Type: SUN_STANDARD

[Global flags]
     intx CICompilerCount                          = 3                                         {product} {ergonomic}
     uint ConcGCThreads                            = 1                                         {product} {ergonomic}
     uint G1ConcRefinementThreads                  = 4                                         {product} {ergonomic}
   size_t G1HeapRegionSize                         = 1048576                                   {product} {ergonomic}
    uintx GCDrainStackTargetSize                   = 64                                        {product} {ergonomic}
   size_t InitialHeapSize                          = 123731968                                 {product} {ergonomic}
   size_t MarkStackSize                            = 4194304                                   {product} {ergonomic}
   size_t MaxHeapSize                              = 1977614336                                {product} {ergonomic}
   size_t MaxNewSize                               = 1185939456                                {product} {ergonomic}
   size_t MinHeapDeltaBytes                        = 1048576                                   {product} {ergonomic}
    uintx NonNMethodCodeHeapSize                   = 5830732                                {pd product} {ergonomic}
    uintx NonProfiledCodeHeapSize                  = 122913754                              {pd product} {ergonomic}
    uintx ProfiledCodeHeapSize                     = 122913754                              {pd product} {ergonomic}
    uintx ReservedCodeCacheSize                    = 251658240                              {pd product} {ergonomic}
     bool SegmentedCodeCache                       = true                                      {product} {ergonomic}
     bool UseCompressedClassPointers               = true                                 {lp64_product} {ergonomic}
     bool UseCompressedOops                        = true                                 {lp64_product} {ergonomic}
     bool UseG1GC                                  = true                                      {product} {ergonomic}
     bool UseLargePagesIndividualAllocation        = false                                  {pd product} {ergonomic}

Logging:
Log output configuration:
 #0: stdout all=warning uptime,level,tags
 #1: stderr all=off uptime,level,tags

Environment Variables:
JAVA_HOME=D:\Android\Android Studio\jre
CLASSPATH=C:\Users\User\Downloads\kopi\android\\gradle\wrapper\gradle-wrapper.jar
PATH=C:\Program Files\Zulu\zulu-8\bin\;C:\WINDOWS\system32;C:\WINDOWS;C:\WINDOWS\System32\Wbem;C:\WINDOWS\System32\WindowsPowerShell\v1.0\;C:\WINDOWS\System32\OpenSSH\;C:\Program Files\PuTTY\;C:\Program Files\Microsoft SQL Server\150\Tools\Binn\;C:\Program Files\Microsoft SQL Server\Client SDK\ODBC\170\Tools\Binn\;C:\Program Files\dotnet\;C:\Program Files\Git\cmd;C:\Users\User\AppData\Local\Microsoft\WindowsApps;C:\Users\User\AppData\Local\Programs\Microsoft VS Code\bin;C:\src\flutter\bin;C:\Users\User\.dotnet\tools;C:\src\flutter\bin\mingit\cmd
USERNAME=User
OS=Windows_NT
PROCESSOR_IDENTIFIER=AMD64 Family 23 Model 96 Stepping 1, AuthenticAMD



---------------  S Y S T E M  ---------------

OS: Windows 10 , 64 bit Build 22000 (10.0.22000.708)
OS uptime: 0 days 3:31 hours

CPU:total 4 (initial active 4) (4 cores per cpu, 1 threads per core) family 23 model 96 stepping 1 microcode 0x0, cmov, cx8, fxsr, mmx, sse, sse2, sse3, ssse3, sse4.1, sse4.2, popcnt, avx, avx2, aes, clmul, mmxext, 3dnowpref, lzcnt, sse4a, tsc, tscinvbit, tscinv, bmi1, bmi2, adx, sha, fma

Memory: 4k page, system-wide physical 7543M (298M free)
TotalPageFile size 18031M (AvailPageFile size 0M)
current process WorkingSet (physical memory assigned to process): 43M, peak: 43M
current process commit charge ("private bytes"): 188M, peak: 189M

vm_info: OpenJDK 64-Bit Server VM (11.0.12+7-b1504.28-7817840) for windows-amd64 JRE (11.0.12+7-b1504.28-7817840), built on Oct 13 2021 22:12:33 by "builder" with MS VC++ 14.0 (VS2015)

END.
